<?xml version="1.0" encoding="UTF-8"?>
<!-- Generated by org.testng.reporters.JUnitReportReporter -->
<testsuite skipped="0" hostname="DESKTOP-GBO7CDO" name="SpurQlabs2.TestScript" tests="1" failures="0" timestamp="02 Nov 2021 20:14:08 GMT" time="37.083" errors="0">
  <testcase name="test" time="37.083" classname="SpurQlabs2.TestScript"/>
</testsuite> <!-- SpurQlabs2.TestScript -->
